----------------------------------------
Timestamp: 2015-02-08 03:09:11

Message: HandlingInstanceID: 6d46488e-c252-4770-944a-184b1ca03e1c
An exception of type 'System.Exception' occurred and was caught.
----------------------------------------------------------------
02/08/2015 11:09:11
Type : System.Exception, mscorlib, Version=4.0.0.0, Culture=neutral, PublicKeyToken=b77a5c561934e089
Message : Hello, me test.
Source : Zero.BLL.Managers
Help link : 
Data : System.Collections.ListDictionaryInternal
TargetSite : Void SaveUser(Zero.Domain.User)
HResult : -2146233088
Stack Trace :    在 Zero.BLL.Managers.UserManager.SaveUser(User user) 位置 f:\mywork\2015\c#\Zero\Zero.BLL.Managers\UserManager.cs:行号 35

Additional Info:

MachineName : PC-201412201113
TimeStamp : 2015-02-08 03:09:11
FullName : Microsoft.Practices.EnterpriseLibrary.ExceptionHandling, Version=6.0.0.0, Culture=neutral, PublicKeyToken=31bf3856ad364e35
AppDomainName : /LM/W3SVC/21/ROOT-1-130678385411530533
ThreadIdentity : 
WindowsIdentity : PC-201412201113\Administrator


----------------------------------------
